<?xml version="1.0" encoding="UTF-8"?>
<testng-results skipped="0" failed="0" ignored="0" total="1" passed="1">
  <reporter-output>
  </reporter-output>
  <suite name="Suite" duration-ms="21" started-at="2017-09-11T07:12:32Z" finished-at="2017-09-11T07:12:32Z">
    <groups>
    </groups>
    <test name="Test" duration-ms="21" started-at="2017-09-11T07:12:32Z" finished-at="2017-09-11T07:12:32Z">
      <class name="HelloTest.test">
        <test-method status="PASS" signature="getRequest()[pri:0, instance:HelloTest.test@7f63425a]" name="getRequest" duration-ms="7" started-at="2017-09-11T10:12:32Z" finished-at="2017-09-11T10:12:32Z">
          <reporter-output>
          </reporter-output>
        </test-method> <!-- getRequest -->
      </class> <!-- HelloTest.test -->
    </test> <!-- Test -->
  </suite> <!-- Suite -->
</testng-results>
